<?xml version="1.0" encoding="UTF-8"?>
<!-- Generated by org.testng.reporters.JUnitReportReporter -->
<testsuite hostname="DESKTOP-HSUOAA9" failures="0" tests="2" name="AutomationSetup" time="11.798" errors="0" timestamp="2025-01-08T20:13:02 IST" skipped="0">
  <testcase classname="AutomationSetup" name="test1" time="7.031"/>
  <system-out/>
  <testcase classname="AutomationSetup" name="test2" time="4.767"/>
  <system-out/>
</testsuite> <!-- AutomationSetup -->
